<?xml version="1.0" encoding="UTF-8"?>
<!-- Generated by org.testng.reporters.JUnitReportReporter -->
<testsuite skipped="0" hostname="gayatekiMacBook-Air.local" name="mavenTest.mavenTest.NewTest" tests="1" failures="0" timestamp="11 九月 2017 10:10:33 GMT" time="3.853" errors="0">
  <testcase name="test1" time="3.853" classname="mavenTest.mavenTest.NewTest"/>
</testsuite> <!-- mavenTest.mavenTest.NewTest -->
