<?xml version="1.0" encoding="UTF-8"?>
<!-- Generated by org.testng.reporters.JUnitReportReporter -->
<testsuite skipped="0" hostname="gayatekiMacBook-Air.local" name="mavenTest2.mavenTest2.NewTest" tests="1" failures="0" timestamp="09 九月 2017 08:08:45 GMT" time="3.552" errors="0">
  <testcase name="test1" time="3.552" classname="mavenTest2.mavenTest2.NewTest"/>
</testsuite> <!-- mavenTest2.mavenTest2.NewTest -->
