<?xml version="1.0" encoding="UTF-8"?>
<!-- Generated by org.testng.reporters.JUnitReportReporter -->
<testsuite skipped="0" hostname="gayatekiMacBook-Air.local" name="mavenTest.mavenTest.NewTest" tests="1" failures="0" timestamp="09 九月 2017 08:22:55 GMT" time="3.168" errors="0">
  <testcase name="test1" time="3.168" classname="mavenTest.mavenTest.NewTest"/>
</testsuite> <!-- mavenTest.mavenTest.NewTest -->
