<?xml version="1.0" encoding="UTF-8"?>
<!-- Generated by org.testng.reporters.JUnitReportReporter -->
<testsuite skipped="0" hostname="gayatekiMacBook-Air.local" name="mavenTest.mavenTest.ecshopTest" tests="4" failures="0" timestamp="10 九月 2017 06:53:19 GMT" time="11.159" errors="0">
  <testcase name="login" time="0.977" classname="mavenTest.mavenTest.ecshopTest"/>
  <testcase name="serch" time="2.283" classname="mavenTest.mavenTest.ecshopTest"/>
  <testcase name="delivery" time="6.088" classname="mavenTest.mavenTest.ecshopTest"/>
  <testcase name="confirmgoods" time="1.811" classname="mavenTest.mavenTest.ecshopTest"/>
</testsuite> <!-- mavenTest.mavenTest.ecshopTest -->
