<?xml version="1.0" encoding="UTF-8"?>
<!-- Generated by org.testng.reporters.JUnitReportReporter -->
<testsuite hostname="gayatekiMacBook-Air.local" name="mavenTest.mavenTest.NewTest" tests="1" failures="0" timestamp="9 Sep 2017 08:49:04 GMT" time="3.156" errors="0">
  <testcase name="test1" time="3.156" classname="mavenTest.mavenTest.NewTest"/>
</testsuite> <!-- mavenTest.mavenTest.NewTest -->
